<?xml version="1.0" encoding="UTF-8"?>
<testsuite xmlns:xsi="http://www.w3.org/2001/XMLSchema-instance" xsi:noNamespaceSchemaLocation="https://maven.apache.org/surefire/maven-surefire-plugin/xsd/surefire-test-report.xsd" name="TestSuite" time="111.766" tests="1" errors="0" skipped="0" failures="1">
  <properties>
[...]
</properties>
  <testcase name="feature" classname="catalyst.automation.testrunner.testrunner" time="58.053">
    <failure message="When a hook declares an argument it must be of type cucumber.api.Scenario. public void catalyst.automation.stepdef.youtubesearchstepdef.BeforeFeature(com.aventstack.extentreports.gherkin.model.Feature)" type="cucumber.runtime.CucumberException">cucumber.runtime.CucumberException: When a hook declares an argument it must be of type cucumber.api.Scenario. public void catalyst.automation.stepdef.youtubesearchstepdef.BeforeFeature(com.aventstack.extentreports.gherkin.model.Feature)
	at catalyst.automation.testrunner.testrunner.feature(testrunner.java:45)
</failure>
    <system-out><![CDATA[from on start&amp#27;[31mF&amp#27;[0m&amp#27;[36m-&amp#27;[0m&amp#27;[36m-&amp#27;[0m&amp#27;[36m-&amp#27;[0m]]></system-out>
    <system-err><![CDATA[Starting ChromeDriver 79.0.3945.36 (3582db32b33893869b8c1339e8f4d9ed1816f143-refs/branch-heads/3945@{#614}) on port 6013
Only local connections are allowed.
Please protect ports used by ChromeDriver and related test frameworks to prevent access by malicious code.
Feb 04, 2020 3:52:29 PM org.openqa.selenium.remote.ProtocolHandshake createSession
INFO: Detected dialect: W3C
]]></system-err>
  </testcase>
</testsuite>